
======================================================================
REPLAY PASS: Scoring 1 documents (ALLOW_NETWORK unset)
SEED=42, PYTHONHASHSEED=0 (deterministic)
======================================================================

Scoring: LSE_HEAD_2025 (Headlam Group PLC, 2025)
  Determinism check (3× runs)...
    Run 1: 0486e86e960d9e9b...
    Run 2: 0486e86e960d9e9b...
    Run 3: 0486e86e960d9e9b...
    Result: PASS (identical)
  [OK] Complete (status: ok)

======================================================================
REPLAY PASS COMPLETE
Status: ok
Determinism: PASS
Matrix contract: artifacts/matrix/matrix_contract.json
======================================================================

{
  "agent": "SCA",
  "version": "13.8-MEA",
  "status": "ok",
  "documents": 1,
  "determinism_pass": true,
  "document_contracts": [
    {
      "doc_id": "LSE_HEAD_2025",
      "agent": "SCA",
      "version": "13.8-MEA",
      "status": "ok",
      "gates": {
        "determinism": "PASS",
        "parity": "PASS",
        "evidence": "PASS",
        "authenticity": "PASS",
        "traceability": "PASS"
      },
      "gate_details": {
        "determinism": "All 3 hashes identical",
        "parity": "evidence_ids \u2286 fused_topk",
        "evidence": "All themes \u22652 pages"
      },
      "artifacts": {
        "determinism_report": "artifacts/matrix/LSE_HEAD_2025/baseline/determinism_report.json",
        "parity_report": "artifacts/matrix/LSE_HEAD_2025/pipeline_validation/demo_topk_vs_evidence.json",
        "evidence_audit": "artifacts/matrix/LSE_HEAD_2025/pipeline_validation/evidence_audit.json",
        "rd_sources": "artifacts/matrix/LSE_HEAD_2025/pipeline_validation/rd_sources.json"
      }
    }
  ],
  "timestamp": "2025-10-28T06:00:00Z"
}
